<?xml version="1.0" encoding="UTF-8"?>
<!-- Generated by org.testng.reporters.JUnitReportReporter -->
<testsuite hostname="Shardul" name="MavenAutomationShoppingTest.MavenAutomationShoppingTest.AppTest" tests="2" failures="0" timestamp="17 May 2020 06:02:58 GMT" time="85.683" errors="0">
  <testcase name="purchase" time="56.334" classname="MavenAutomationShoppingTest.MavenAutomationShoppingTest.AppTest"/>
  <testcase name="signup" time="29.349" classname="MavenAutomationShoppingTest.MavenAutomationShoppingTest.AppTest"/>
</testsuite> <!-- MavenAutomationShoppingTest.MavenAutomationShoppingTest.AppTest -->
